<?xml version="1.0" encoding="UTF-8"?>
<!-- Generated by org.testng.reporters.JUnitReportReporter -->
<testsuite skipped="0" hostname="DESKTOP-306V5QD" name="Comvrtigercrmgenericutilities.ExcelUtility1" tests="1" failures="0" timestamp="10 Mar 2021 09:06:29 GMT" time="2.202" errors="0">
  <testcase name="execute" time="2.202" classname="Comvrtigercrmgenericutilities.ExcelUtility1"/>
</testsuite> <!-- Comvrtigercrmgenericutilities.ExcelUtility1 -->
