<?xml version="1.0" encoding="UTF-8"?>
<!-- Generated by org.testng.reporters.JUnitReportReporter -->
<testsuite skipped="0" hostname="DESKTOP-306V5QD" name="Vtigercrm.Selectcontact" tests="1" failures="0" timestamp="06 Mar 2021 15:32:09 GMT" time="88.317" errors="0">
  <testcase name="test" time="88.317" classname="Vtigercrm.Selectcontact"/>
</testsuite> <!-- Vtigercrm.Selectcontact -->
