<?xml version="1.0" encoding="UTF-8"?>
<!-- Generated by org.testng.reporters.JUnitReportReporter -->
<testsuite skipped="0" hostname="DESKTOP-306V5QD" name="practicescripts.CreatecontactPom" tests="1" failures="0" timestamp="05 Mar 2021 17:48:33 GMT" time="271.836" errors="0">
  <testcase name="testlogin" time="271.836" classname="practicescripts.CreatecontactPom"/>
</testsuite> <!-- practicescripts.CreatecontactPom -->
