<?xml version="1.0" encoding="UTF-8"?>
<!-- Generated by org.testng.reporters.JUnitReportReporter -->
<testsuite skipped="0" hostname="DESKTOP-306V5QD" name="Vtigercrm.Scenario3" tests="1" failures="0" timestamp="07 Mar 2021 15:27:22 GMT" time="47.706" errors="0">
  <testcase name="test" time="47.706" classname="Vtigercrm.Scenario3"/>
</testsuite> <!-- Vtigercrm.Scenario3 -->
