<?xml version="1.0" encoding="UTF-8"?>
<!-- Generated by org.testng.reporters.JUnitReportReporter -->
<testsuite skipped="0" hostname="DESKTOP-306V5QD" name="Vtigercrm.Scenario4" tests="1" failures="0" timestamp="06 Mar 2021 15:24:28 GMT" time="58.831" errors="0">
  <testcase name="test" time="58.831" classname="Vtigercrm.Scenario4"/>
</testsuite> <!-- Vtigercrm.Scenario4 -->
