<?xml version="1.0" encoding="UTF-8"?>
<!-- Generated by org.testng.reporters.JUnitReportReporter -->
<testsuite skipped="0" hostname="DESKTOP-306V5QD" name="Vtigercrm.Scenario5" tests="1" failures="0" timestamp="06 Mar 2021 15:28:42 GMT" time="52.683" errors="0">
  <testcase name="test" time="52.683" classname="Vtigercrm.Scenario5"/>
</testsuite> <!-- Vtigercrm.Scenario5 -->
