<?xml version="1.0" encoding="UTF-8"?>
<!-- Generated by org.testng.reporters.JUnitReportReporter -->
<testsuite skipped="0" hostname="DESKTOP-306V5QD" name="Vtigercrm.Scenario1" tests="1" failures="0" timestamp="06 Mar 2021 15:16:21 GMT" time="67.906" errors="0">
  <testcase name="test" time="67.906" classname="Vtigercrm.Scenario1"/>
</testsuite> <!-- Vtigercrm.Scenario1 -->
