<?xml version="1.0" encoding="UTF-8"?>
<!-- Generated by org.testng.reporters.JUnitReportReporter -->
<testsuite skipped="0" hostname="DESKTOP-306V5QD" name="Crm.comcast.Seleniumscripts.Frameworksfile.Sample2" tests="2" failures="0" timestamp="11 Mar 2021 10:44:49 GMT" time="0.022" errors="0">
  <testcase name="test" time="0.000" classname="Crm.comcast.Seleniumscripts.Frameworksfile.Sample2"/>
  <testcase name="demo" time="0.022" classname="Crm.comcast.Seleniumscripts.Frameworksfile.Sample2"/>
</testsuite> <!-- Crm.comcast.Seleniumscripts.Frameworksfile.Sample2 -->
