<?xml version="1.0" encoding="UTF-8"?>
<!-- Generated by org.testng.reporters.JUnitReportReporter -->
<testsuite skipped="0" hostname="DESKTOP-306V5QD" name="Crm.comcast.Seleniumscripts.Frameworksfile.SampleTest" tests="2" failures="0" timestamp="12 Mar 2021 05:16:57 GMT" time="0.103" errors="0">
  <testcase name="demo" time="0.096" classname="Crm.comcast.Seleniumscripts.Frameworksfile.SampleTest"/>
  <testcase name="test" time="0.007" classname="Crm.comcast.Seleniumscripts.Frameworksfile.SampleTest"/>
</testsuite> <!-- Crm.comcast.Seleniumscripts.Frameworksfile.SampleTest -->
